{"/home/soraka/ltuc/401/labs/authentication/lib/server.js": {"path":"/home/soraka/ltuc/401/labs/authentication/lib/server.js","statementMap":{"0":{"start":{"line":1,"column":16},"end":{"line":1,"column":34}},"1":{"start":{"line":2,"column":0},"end":{"line":2,"column":27}},"2":{"start":{"line":3,"column":24},"end":{"line":3,"column":52}},"3":{"start":{"line":4,"column":21},"end":{"line":4,"column":49}},"4":{"start":{"line":5,"column":18},"end":{"line":5,"column":53}},"5":{"start":{"line":6,"column":14},"end":{"line":6,"column":37}},"6":{"start":{"line":8,"column":12},"end":{"line":8,"column":21}},"7":{"start":{"line":9,"column":0},"end":{"line":9,"column":24}},"8":{"start":{"line":11,"column":0},"end":{"line":24,"column":3}},"9":{"start":{"line":12,"column":2},"end":{"line":23,"column":3}},"10":{"start":{"line":13,"column":4},"end":{"line":17,"column":7}},"11":{"start":{"line":14,"column":20},"end":{"line":14,"column":45}},"12":{"start":{"line":15,"column":6},"end":{"line":15,"column":25}},"13":{"start":{"line":16,"column":6},"end":{"line":16,"column":26}},"14":{"start":{"line":19,"column":4},"end":{"line":19,"column":23}},"15":{"start":{"line":21,"column":4},"end":{"line":21,"column":23}},"16":{"start":{"line":22,"column":4},"end":{"line":22,"column":18}},"17":{"start":{"line":26,"column":0},"end":{"line":29,"column":3}},"18":{"start":{"line":28,"column":2},"end":{"line":28,"column":33}},"19":{"start":{"line":31,"column":0},"end":{"line":34,"column":3}},"20":{"start":{"line":32,"column":2},"end":{"line":32,"column":27}},"21":{"start":{"line":33,"column":2},"end":{"line":33,"column":31}},"22":{"start":{"line":37,"column":0},"end":{"line":39,"column":3}},"23":{"start":{"line":38,"column":2},"end":{"line":38,"column":34}},"24":{"start":{"line":41,"column":0},"end":{"line":41,"column":30}},"25":{"start":{"line":43,"column":0},"end":{"line":43,"column":22}},"26":{"start":{"line":45,"column":0},"end":{"line":53,"column":2}},"27":{"start":{"line":48,"column":4},"end":{"line":51,"column":7}},"28":{"start":{"line":49,"column":19},"end":{"line":49,"column":51}},"29":{"start":{"line":50,"column":6},"end":{"line":50,"column":52}}},"fnMap":{"0":{"name":"(anonymous_0)","decl":{"start":{"line":11,"column":20},"end":{"line":11,"column":21}},"loc":{"start":{"line":11,"column":46},"end":{"line":24,"column":1}},"line":11},"1":{"name":"(anonymous_1)","decl":{"start":{"line":13,"column":36},"end":{"line":13,"column":37}},"loc":{"start":{"line":13,"column":44},"end":{"line":17,"column":5}},"line":13},"2":{"name":"(anonymous_2)","decl":{"start":{"line":26,"column":31},"end":{"line":26,"column":32}},"loc":{"start":{"line":26,"column":45},"end":{"line":29,"column":1}},"line":26},"3":{"name":"(anonymous_3)","decl":{"start":{"line":31,"column":18},"end":{"line":31,"column":19}},"loc":{"start":{"line":31,"column":38},"end":{"line":34,"column":1}},"line":31},"4":{"name":"(anonymous_4)","decl":{"start":{"line":37,"column":16},"end":{"line":37,"column":17}},"loc":{"start":{"line":37,"column":30},"end":{"line":39,"column":1}},"line":37},"5":{"name":"(anonymous_5)","decl":{"start":{"line":47,"column":9},"end":{"line":47,"column":10}},"loc":{"start":{"line":47,"column":17},"end":{"line":52,"column":3}},"line":47},"6":{"name":"(anonymous_6)","decl":{"start":{"line":48,"column":21},"end":{"line":48,"column":22}},"loc":{"start":{"line":48,"column":27},"end":{"line":51,"column":5}},"line":48}},"branchMap":{"0":{"loc":{"start":{"line":49,"column":19},"end":{"line":49,"column":51}},"type":"binary-expr","locations":[{"start":{"line":49,"column":19},"end":{"line":49,"column":23}},{"start":{"line":49,"column":27},"end":{"line":49,"column":43}},{"start":{"line":49,"column":47},"end":{"line":49,"column":51}}],"line":49}},"s":{"0":1,"1":1,"2":1,"3":1,"4":1,"5":1,"6":1,"7":1,"8":1,"9":5,"10":5,"11":2,"12":2,"13":2,"14":3,"15":3,"16":3,"17":1,"18":1,"19":1,"20":0,"21":0,"22":1,"23":0,"24":1,"25":1,"26":1,"27":0,"28":0,"29":0},"f":{"0":5,"1":2,"2":1,"3":0,"4":0,"5":0,"6":0},"b":{"0":[0,0,0]},"_coverageSchema":"1a1c01bbd47fc00a2c39e90264f33305004495a9","hash":"0da0d5b757183b1cc0e8d8144739a4fc84b8079b"}
,"/home/soraka/ltuc/401/labs/authentication/lib/auth/users.js": {"path":"/home/soraka/ltuc/401/labs/authentication/lib/auth/users.js","statementMap":{"0":{"start":{"line":3,"column":15},"end":{"line":3,"column":32}},"1":{"start":{"line":4,"column":12},"end":{"line":4,"column":35}},"2":{"start":{"line":5,"column":11},"end":{"line":5,"column":37}},"3":{"start":{"line":6,"column":15},"end":{"line":6,"column":47}},"4":{"start":{"line":8,"column":14},"end":{"line":8,"column":16}},"5":{"start":{"line":10,"column":0},"end":{"line":24,"column":2}},"6":{"start":{"line":11,"column":2},"end":{"line":23,"column":3}},"7":{"start":{"line":12,"column":4},"end":{"line":12,"column":37}},"8":{"start":{"line":13,"column":4},"end":{"line":13,"column":60}},"9":{"start":{"line":15,"column":20},"end":{"line":15,"column":36}},"10":{"start":{"line":16,"column":19},"end":{"line":16,"column":39}},"11":{"start":{"line":17,"column":4},"end":{"line":17,"column":30}},"12":{"start":{"line":18,"column":4},"end":{"line":18,"column":18}},"13":{"start":{"line":20,"column":4},"end":{"line":20,"column":31}},"14":{"start":{"line":22,"column":4},"end":{"line":22,"column":28}},"15":{"start":{"line":26,"column":0},"end":{"line":40,"column":2}},"16":{"start":{"line":27,"column":2},"end":{"line":39,"column":3}},"17":{"start":{"line":28,"column":4},"end":{"line":28,"column":32}},"18":{"start":{"line":29,"column":4},"end":{"line":29,"column":26}},"19":{"start":{"line":30,"column":4},"end":{"line":30,"column":45}},"20":{"start":{"line":31,"column":4},"end":{"line":31,"column":34}},"21":{"start":{"line":33,"column":18},"end":{"line":33,"column":66}},"22":{"start":{"line":34,"column":4},"end":{"line":34,"column":50}},"23":{"start":{"line":34,"column":16},"end":{"line":34,"column":50}},"24":{"start":{"line":35,"column":4},"end":{"line":35,"column":16}},"25":{"start":{"line":37,"column":4},"end":{"line":37,"column":44}},"26":{"start":{"line":38,"column":4},"end":{"line":38,"column":28}},"27":{"start":{"line":42,"column":0},"end":{"line":45,"column":2}},"28":{"start":{"line":43,"column":16},"end":{"line":43,"column":61}},"29":{"start":{"line":44,"column":2},"end":{"line":44,"column":15}},"30":{"start":{"line":47,"column":0},"end":{"line":49,"column":2}},"31":{"start":{"line":48,"column":2},"end":{"line":48,"column":27}},"32":{"start":{"line":51,"column":0},"end":{"line":51,"column":23}}},"fnMap":{"0":{"name":"(anonymous_0)","decl":{"start":{"line":10,"column":13},"end":{"line":10,"column":14}},"loc":{"start":{"line":10,"column":43},"end":{"line":24,"column":1}},"line":10},"1":{"name":"(anonymous_1)","decl":{"start":{"line":26,"column":26},"end":{"line":26,"column":27}},"loc":{"start":{"line":26,"column":58},"end":{"line":40,"column":1}},"line":26},"2":{"name":"(anonymous_2)","decl":{"start":{"line":42,"column":22},"end":{"line":42,"column":23}},"loc":{"start":{"line":42,"column":38},"end":{"line":45,"column":1}},"line":42},"3":{"name":"(anonymous_3)","decl":{"start":{"line":47,"column":13},"end":{"line":47,"column":14}},"loc":{"start":{"line":47,"column":31},"end":{"line":49,"column":1}},"line":47}},"branchMap":{"0":{"loc":{"start":{"line":6,"column":15},"end":{"line":6,"column":47}},"type":"binary-expr","locations":[{"start":{"line":6,"column":15},"end":{"line":6,"column":33}},{"start":{"line":6,"column":37},"end":{"line":6,"column":47}}],"line":6},"1":{"loc":{"start":{"line":34,"column":4},"end":{"line":34,"column":50}},"type":"if","locations":[{"start":{"line":34,"column":4},"end":{"line":34,"column":50}},{"start":{"line":34,"column":4},"end":{"line":34,"column":50}}],"line":34}},"s":{"0":1,"1":1,"2":1,"3":1,"4":1,"5":1,"6":5,"7":5,"8":5,"9":5,"10":5,"11":2,"12":2,"13":3,"14":3,"15":1,"16":2,"17":2,"18":2,"19":2,"20":2,"21":2,"22":2,"23":1,"24":1,"25":1,"26":1,"27":1,"28":3,"29":3,"30":1,"31":0,"32":1},"f":{"0":5,"1":2,"2":3,"3":0},"b":{"0":[1,1],"1":[1,1]},"_coverageSchema":"1a1c01bbd47fc00a2c39e90264f33305004495a9","hash":"9456742bffc3f101b02ddd188bb66c5a28a46a5b"}
,"/home/soraka/ltuc/401/labs/authentication/lib/middlewares/404.js": {"path":"/home/soraka/ltuc/401/labs/authentication/lib/middlewares/404.js","statementMap":{"0":{"start":{"line":2,"column":2},"end":{"line":2,"column":43}},"1":{"start":{"line":3,"column":2},"end":{"line":3,"column":52}},"2":{"start":{"line":6,"column":0},"end":{"line":6,"column":33}}},"fnMap":{"0":{"name":"notFoundHandler","decl":{"start":{"line":1,"column":9},"end":{"line":1,"column":24}},"loc":{"start":{"line":1,"column":41},"end":{"line":4,"column":1}},"line":1}},"branchMap":{},"s":{"0":0,"1":0,"2":1},"f":{"0":0},"b":{},"_coverageSchema":"1a1c01bbd47fc00a2c39e90264f33305004495a9","hash":"2aa037b78442b8e5cadc2cb18669e9f36965ac89"}
,"/home/soraka/ltuc/401/labs/authentication/lib/middlewares/500.js": {"path":"/home/soraka/ltuc/401/labs/authentication/lib/middlewares/500.js","statementMap":{"0":{"start":{"line":2,"column":2},"end":{"line":2,"column":18}},"1":{"start":{"line":3,"column":2},"end":{"line":3,"column":40}},"2":{"start":{"line":4,"column":2},"end":{"line":4,"column":55}},"3":{"start":{"line":7,"column":0},"end":{"line":7,"column":30}}},"fnMap":{"0":{"name":"errorHandler","decl":{"start":{"line":1,"column":9},"end":{"line":1,"column":21}},"loc":{"start":{"line":1,"column":43},"end":{"line":5,"column":1}},"line":1}},"branchMap":{},"s":{"0":4,"1":4,"2":4,"3":1},"f":{"0":4},"b":{},"_coverageSchema":"1a1c01bbd47fc00a2c39e90264f33305004495a9","hash":"7db865ef8adfff6fd3a28a70060c55b264b83296"}
,"/home/soraka/ltuc/401/labs/authentication/lib/middlewares/basic-auth.js": {"path":"/home/soraka/ltuc/401/labs/authentication/lib/middlewares/basic-auth.js","statementMap":{"0":{"start":{"line":1,"column":15},"end":{"line":1,"column":33}},"1":{"start":{"line":2,"column":14},"end":{"line":2,"column":38}},"2":{"start":{"line":3,"column":0},"end":{"line":25,"column":2}},"3":{"start":{"line":4,"column":2},"end":{"line":24,"column":3}},"4":{"start":{"line":5,"column":4},"end":{"line":5,"column":26}},"5":{"start":{"line":8,"column":4},"end":{"line":8,"column":44}},"6":{"start":{"line":9,"column":22},"end":{"line":9,"column":64}},"7":{"start":{"line":10,"column":25},"end":{"line":10,"column":60}},"8":{"start":{"line":11,"column":4},"end":{"line":11,"column":45}},"9":{"start":{"line":12,"column":4},"end":{"line":23,"column":9}},"10":{"start":{"line":15,"column":8},"end":{"line":15,"column":48}},"11":{"start":{"line":16,"column":8},"end":{"line":16,"column":51}},"12":{"start":{"line":17,"column":8},"end":{"line":17,"column":15}},"13":{"start":{"line":20,"column":8},"end":{"line":20,"column":31}},"14":{"start":{"line":21,"column":8},"end":{"line":21,"column":25}},"15":{"start":{"line":22,"column":8},"end":{"line":22,"column":30}}},"fnMap":{"0":{"name":"(anonymous_0)","decl":{"start":{"line":3,"column":17},"end":{"line":3,"column":18}},"loc":{"start":{"line":3,"column":37},"end":{"line":25,"column":1}},"line":3},"1":{"name":"(anonymous_1)","decl":{"start":{"line":14,"column":12},"end":{"line":14,"column":13}},"loc":{"start":{"line":14,"column":25},"end":{"line":18,"column":7}},"line":14},"2":{"name":"(anonymous_2)","decl":{"start":{"line":19,"column":13},"end":{"line":19,"column":14}},"loc":{"start":{"line":19,"column":20},"end":{"line":23,"column":7}},"line":19}},"branchMap":{"0":{"loc":{"start":{"line":4,"column":2},"end":{"line":24,"column":3}},"type":"if","locations":[{"start":{"line":4,"column":2},"end":{"line":24,"column":3}},{"start":{"line":4,"column":2},"end":{"line":24,"column":3}}],"line":4}},"s":{"0":1,"1":1,"2":1,"3":2,"4":0,"5":2,"6":2,"7":2,"8":2,"9":2,"10":1,"11":1,"12":1,"13":1,"14":1,"15":1},"f":{"0":2,"1":1,"2":1},"b":{"0":[0,2]},"_coverageSchema":"1a1c01bbd47fc00a2c39e90264f33305004495a9","hash":"22869b0049fb060d82880e280abf42e1f90de22c"}
,"/home/soraka/ltuc/401/labs/authentication/lib/models/users.js": {"path":"/home/soraka/ltuc/401/labs/authentication/lib/models/users.js","statementMap":{"0":{"start":{"line":3,"column":17},"end":{"line":3,"column":36}},"1":{"start":{"line":5,"column":13},"end":{"line":8,"column":2}},"2":{"start":{"line":10,"column":0},"end":{"line":10,"column":46}}},"fnMap":{},"branchMap":{},"s":{"0":1,"1":1,"2":1},"f":{},"b":{},"_coverageSchema":"1a1c01bbd47fc00a2c39e90264f33305004495a9","hash":"8342c28dee0eaf25d2fccb9ee0a638f261d45bca"}
}
