{"/home/soraka/ltuc/401/labs/authentication/lib/server.js": {"path":"/home/soraka/ltuc/401/labs/authentication/lib/server.js","statementMap":{"0":{"start":{"line":1,"column":16},"end":{"line":1,"column":34}},"1":{"start":{"line":2,"column":0},"end":{"line":2,"column":27}},"2":{"start":{"line":3,"column":24},"end":{"line":3,"column":52}},"3":{"start":{"line":4,"column":21},"end":{"line":4,"column":49}},"4":{"start":{"line":5,"column":18},"end":{"line":5,"column":53}},"5":{"start":{"line":6,"column":14},"end":{"line":6,"column":37}},"6":{"start":{"line":7,"column":14},"end":{"line":7,"column":37}},"7":{"start":{"line":8,"column":16},"end":{"line":8,"column":48}},"8":{"start":{"line":10,"column":12},"end":{"line":10,"column":21}},"9":{"start":{"line":11,"column":0},"end":{"line":11,"column":24}},"10":{"start":{"line":12,"column":0},"end":{"line":12,"column":28}},"11":{"start":{"line":13,"column":0},"end":{"line":13,"column":36}},"12":{"start":{"line":15,"column":0},"end":{"line":29,"column":3}},"13":{"start":{"line":16,"column":2},"end":{"line":28,"column":3}},"14":{"start":{"line":17,"column":4},"end":{"line":22,"column":7}},"15":{"start":{"line":18,"column":6},"end":{"line":18,"column":46}},"16":{"start":{"line":19,"column":20},"end":{"line":19,"column":45}},"17":{"start":{"line":20,"column":6},"end":{"line":20,"column":25}},"18":{"start":{"line":21,"column":6},"end":{"line":21,"column":26}},"19":{"start":{"line":24,"column":4},"end":{"line":24,"column":23}},"20":{"start":{"line":26,"column":4},"end":{"line":26,"column":23}},"21":{"start":{"line":27,"column":4},"end":{"line":27,"column":18}},"22":{"start":{"line":31,"column":0},"end":{"line":34,"column":3}},"23":{"start":{"line":33,"column":2},"end":{"line":33,"column":33}},"24":{"start":{"line":36,"column":0},"end":{"line":38,"column":3}},"25":{"start":{"line":37,"column":2},"end":{"line":37,"column":33}},"26":{"start":{"line":40,"column":0},"end":{"line":43,"column":3}},"27":{"start":{"line":41,"column":2},"end":{"line":41,"column":27}},"28":{"start":{"line":42,"column":2},"end":{"line":42,"column":31}},"29":{"start":{"line":46,"column":0},"end":{"line":48,"column":3}},"30":{"start":{"line":47,"column":2},"end":{"line":47,"column":34}},"31":{"start":{"line":50,"column":0},"end":{"line":50,"column":30}},"32":{"start":{"line":52,"column":0},"end":{"line":52,"column":22}},"33":{"start":{"line":54,"column":0},"end":{"line":62,"column":2}},"34":{"start":{"line":57,"column":4},"end":{"line":60,"column":7}},"35":{"start":{"line":58,"column":19},"end":{"line":58,"column":51}},"36":{"start":{"line":59,"column":6},"end":{"line":59,"column":52}}},"fnMap":{"0":{"name":"(anonymous_0)","decl":{"start":{"line":15,"column":20},"end":{"line":15,"column":21}},"loc":{"start":{"line":15,"column":46},"end":{"line":29,"column":1}},"line":15},"1":{"name":"(anonymous_1)","decl":{"start":{"line":17,"column":36},"end":{"line":17,"column":37}},"loc":{"start":{"line":17,"column":44},"end":{"line":22,"column":5}},"line":17},"2":{"name":"(anonymous_2)","decl":{"start":{"line":31,"column":31},"end":{"line":31,"column":32}},"loc":{"start":{"line":31,"column":45},"end":{"line":34,"column":1}},"line":31},"3":{"name":"(anonymous_3)","decl":{"start":{"line":36,"column":25},"end":{"line":36,"column":26}},"loc":{"start":{"line":36,"column":39},"end":{"line":38,"column":1}},"line":36},"4":{"name":"(anonymous_4)","decl":{"start":{"line":40,"column":18},"end":{"line":40,"column":19}},"loc":{"start":{"line":40,"column":38},"end":{"line":43,"column":1}},"line":40},"5":{"name":"(anonymous_5)","decl":{"start":{"line":46,"column":16},"end":{"line":46,"column":17}},"loc":{"start":{"line":46,"column":30},"end":{"line":48,"column":1}},"line":46},"6":{"name":"(anonymous_6)","decl":{"start":{"line":56,"column":9},"end":{"line":56,"column":10}},"loc":{"start":{"line":56,"column":17},"end":{"line":61,"column":3}},"line":56},"7":{"name":"(anonymous_7)","decl":{"start":{"line":57,"column":21},"end":{"line":57,"column":22}},"loc":{"start":{"line":57,"column":27},"end":{"line":60,"column":5}},"line":57}},"branchMap":{"0":{"loc":{"start":{"line":58,"column":19},"end":{"line":58,"column":51}},"type":"binary-expr","locations":[{"start":{"line":58,"column":19},"end":{"line":58,"column":23}},{"start":{"line":58,"column":27},"end":{"line":58,"column":43}},{"start":{"line":58,"column":47},"end":{"line":58,"column":51}}],"line":58}},"s":{"0":2,"1":2,"2":2,"3":2,"4":2,"5":2,"6":2,"7":2,"8":2,"9":2,"10":2,"11":2,"12":2,"13":6,"14":6,"15":4,"16":4,"17":4,"18":4,"19":2,"20":2,"21":2,"22":2,"23":2,"24":2,"25":0,"26":2,"27":0,"28":0,"29":2,"30":0,"31":2,"32":2,"33":2,"34":0,"35":0,"36":0},"f":{"0":6,"1":4,"2":2,"3":0,"4":0,"5":0,"6":0,"7":0},"b":{"0":[0,0,0]},"_coverageSchema":"1a1c01bbd47fc00a2c39e90264f33305004495a9","hash":"3f9cb5594c44b89a8ae2b5340e797bebe30e491d"}
,"/home/soraka/ltuc/401/labs/authentication/lib/auth/oauth.js": {"path":"/home/soraka/ltuc/401/labs/authentication/lib/auth/oauth.js","statementMap":{"0":{"start":{"line":1,"column":0},"end":{"line":1,"column":27}},"1":{"start":{"line":2,"column":19},"end":{"line":2,"column":40}},"2":{"start":{"line":3,"column":14},"end":{"line":3,"column":35}},"3":{"start":{"line":4,"column":11},"end":{"line":4,"column":37}},"4":{"start":{"line":6,"column":23},"end":{"line":6,"column":68}},"5":{"start":{"line":8,"column":18},"end":{"line":8,"column":47}},"6":{"start":{"line":10,"column":18},"end":{"line":10,"column":39}},"7":{"start":{"line":11,"column":22},"end":{"line":11,"column":47}},"8":{"start":{"line":12,"column":19},"end":{"line":12,"column":41}},"9":{"start":{"line":14,"column":0},"end":{"line":30,"column":2}},"10":{"start":{"line":15,"column":15},"end":{"line":15,"column":29}},"11":{"start":{"line":16,"column":2},"end":{"line":16,"column":31}},"12":{"start":{"line":17,"column":23},"end":{"line":17,"column":55}},"13":{"start":{"line":18,"column":2},"end":{"line":18,"column":40}},"14":{"start":{"line":19,"column":21},"end":{"line":19,"column":58}},"15":{"start":{"line":20,"column":2},"end":{"line":20,"column":47}},"16":{"start":{"line":21,"column":24},"end":{"line":21,"column":49}},"17":{"start":{"line":22,"column":2},"end":{"line":22,"column":43}},"18":{"start":{"line":23,"column":2},"end":{"line":23,"column":18}},"19":{"start":{"line":24,"column":2},"end":{"line":24,"column":20}},"20":{"start":{"line":25,"column":2},"end":{"line":25,"column":9}},"21":{"start":{"line":26,"column":2},"end":{"line":29,"column":3}},"22":{"start":{"line":28,"column":4},"end":{"line":28,"column":33}},"23":{"start":{"line":34,"column":2},"end":{"line":34,"column":37}},"24":{"start":{"line":35,"column":2},"end":{"line":35,"column":41}},"25":{"start":{"line":36,"column":2},"end":{"line":36,"column":38}},"26":{"start":{"line":37,"column":24},"end":{"line":43,"column":4}},"27":{"start":{"line":44,"column":2},"end":{"line":44,"column":41}},"28":{"start":{"line":48,"column":23},"end":{"line":51,"column":37}},"29":{"start":{"line":53,"column":2},"end":{"line":53,"column":27}},"30":{"start":{"line":57,"column":17},"end":{"line":60,"column":3}},"31":{"start":{"line":61,"column":15},"end":{"line":61,"column":59}},"32":{"start":{"line":63,"column":15},"end":{"line":63,"column":53}},"33":{"start":{"line":65,"column":16},"end":{"line":65,"column":41}},"34":{"start":{"line":66,"column":2},"end":{"line":66,"column":23}}},"fnMap":{"0":{"name":"(anonymous_0)","decl":{"start":{"line":14,"column":17},"end":{"line":14,"column":18}},"loc":{"start":{"line":14,"column":43},"end":{"line":30,"column":1}},"line":14},"1":{"name":"exchangeCodeForToken","decl":{"start":{"line":33,"column":15},"end":{"line":33,"column":35}},"loc":{"start":{"line":33,"column":42},"end":{"line":45,"column":1}},"line":33},"2":{"name":"getRemoteUserInfo","decl":{"start":{"line":47,"column":15},"end":{"line":47,"column":32}},"loc":{"start":{"line":47,"column":40},"end":{"line":54,"column":1}},"line":47},"3":{"name":"getUser","decl":{"start":{"line":56,"column":15},"end":{"line":56,"column":22}},"loc":{"start":{"line":56,"column":35},"end":{"line":67,"column":1}},"line":56}},"branchMap":{"0":{"loc":{"start":{"line":63,"column":15},"end":{"line":63,"column":53}},"type":"cond-expr","locations":[{"start":{"line":63,"column":22},"end":{"line":63,"column":26}},{"start":{"line":63,"column":29},"end":{"line":63,"column":53}}],"line":63}},"s":{"0":2,"1":2,"2":2,"3":2,"4":2,"5":2,"6":2,"7":2,"8":2,"9":2,"10":0,"11":0,"12":0,"13":0,"14":0,"15":0,"16":0,"17":0,"18":0,"19":0,"20":0,"21":0,"22":0,"23":0,"24":0,"25":0,"26":0,"27":0,"28":0,"29":0,"30":0,"31":0,"32":0,"33":0,"34":0},"f":{"0":0,"1":0,"2":0,"3":0},"b":{"0":[0,0]},"_coverageSchema":"1a1c01bbd47fc00a2c39e90264f33305004495a9","hash":"ffc3a8ace93dc3ecfd96555574168dab73ca8704"}
,"/home/soraka/ltuc/401/labs/authentication/lib/auth/users.js": {"path":"/home/soraka/ltuc/401/labs/authentication/lib/auth/users.js","statementMap":{"0":{"start":{"line":3,"column":15},"end":{"line":3,"column":32}},"1":{"start":{"line":4,"column":12},"end":{"line":4,"column":35}},"2":{"start":{"line":5,"column":11},"end":{"line":5,"column":37}},"3":{"start":{"line":6,"column":15},"end":{"line":6,"column":47}},"4":{"start":{"line":8,"column":14},"end":{"line":8,"column":16}},"5":{"start":{"line":10,"column":0},"end":{"line":24,"column":2}},"6":{"start":{"line":11,"column":2},"end":{"line":23,"column":3}},"7":{"start":{"line":12,"column":4},"end":{"line":12,"column":37}},"8":{"start":{"line":13,"column":4},"end":{"line":13,"column":60}},"9":{"start":{"line":15,"column":20},"end":{"line":15,"column":36}},"10":{"start":{"line":16,"column":19},"end":{"line":16,"column":39}},"11":{"start":{"line":17,"column":4},"end":{"line":17,"column":30}},"12":{"start":{"line":18,"column":4},"end":{"line":18,"column":18}},"13":{"start":{"line":20,"column":4},"end":{"line":20,"column":31}},"14":{"start":{"line":22,"column":4},"end":{"line":22,"column":28}},"15":{"start":{"line":26,"column":0},"end":{"line":40,"column":2}},"16":{"start":{"line":27,"column":2},"end":{"line":39,"column":3}},"17":{"start":{"line":28,"column":4},"end":{"line":28,"column":32}},"18":{"start":{"line":29,"column":4},"end":{"line":29,"column":26}},"19":{"start":{"line":30,"column":4},"end":{"line":30,"column":45}},"20":{"start":{"line":31,"column":4},"end":{"line":31,"column":34}},"21":{"start":{"line":33,"column":18},"end":{"line":33,"column":66}},"22":{"start":{"line":34,"column":4},"end":{"line":34,"column":50}},"23":{"start":{"line":34,"column":16},"end":{"line":34,"column":50}},"24":{"start":{"line":35,"column":4},"end":{"line":35,"column":16}},"25":{"start":{"line":37,"column":4},"end":{"line":37,"column":44}},"26":{"start":{"line":38,"column":4},"end":{"line":38,"column":28}},"27":{"start":{"line":42,"column":0},"end":{"line":55,"column":2}},"28":{"start":{"line":43,"column":2},"end":{"line":43,"column":35}},"29":{"start":{"line":45,"column":2},"end":{"line":52,"column":7}},"30":{"start":{"line":46,"column":4},"end":{"line":48,"column":7}},"31":{"start":{"line":50,"column":4},"end":{"line":52,"column":7}},"32":{"start":{"line":53,"column":2},"end":{"line":53,"column":42}},"33":{"start":{"line":54,"column":2},"end":{"line":54,"column":15}},"34":{"start":{"line":56,"column":0},"end":{"line":68,"column":2}},"35":{"start":{"line":57,"column":2},"end":{"line":67,"column":3}},"36":{"start":{"line":58,"column":24},"end":{"line":58,"column":49}},"37":{"start":{"line":59,"column":4},"end":{"line":59,"column":45}},"38":{"start":{"line":60,"column":4},"end":{"line":64,"column":5}},"39":{"start":{"line":61,"column":6},"end":{"line":61,"column":42}},"40":{"start":{"line":63,"column":6},"end":{"line":63,"column":30}},"41":{"start":{"line":66,"column":4},"end":{"line":66,"column":37}},"42":{"start":{"line":69,"column":0},"end":{"line":71,"column":2}},"43":{"start":{"line":70,"column":2},"end":{"line":70,"column":27}},"44":{"start":{"line":73,"column":0},"end":{"line":73,"column":23}}},"fnMap":{"0":{"name":"(anonymous_0)","decl":{"start":{"line":10,"column":13},"end":{"line":10,"column":14}},"loc":{"start":{"line":10,"column":43},"end":{"line":24,"column":1}},"line":10},"1":{"name":"(anonymous_1)","decl":{"start":{"line":26,"column":26},"end":{"line":26,"column":27}},"loc":{"start":{"line":26,"column":58},"end":{"line":40,"column":1}},"line":26},"2":{"name":"(anonymous_2)","decl":{"start":{"line":42,"column":22},"end":{"line":42,"column":23}},"loc":{"start":{"line":42,"column":38},"end":{"line":55,"column":1}},"line":42},"3":{"name":"(anonymous_3)","decl":{"start":{"line":56,"column":26},"end":{"line":56,"column":27}},"loc":{"start":{"line":56,"column":49},"end":{"line":68,"column":1}},"line":56},"4":{"name":"(anonymous_4)","decl":{"start":{"line":69,"column":13},"end":{"line":69,"column":14}},"loc":{"start":{"line":69,"column":31},"end":{"line":71,"column":1}},"line":69}},"branchMap":{"0":{"loc":{"start":{"line":6,"column":15},"end":{"line":6,"column":47}},"type":"binary-expr","locations":[{"start":{"line":6,"column":15},"end":{"line":6,"column":33}},{"start":{"line":6,"column":37},"end":{"line":6,"column":47}}],"line":6},"1":{"loc":{"start":{"line":34,"column":4},"end":{"line":34,"column":50}},"type":"if","locations":[{"start":{"line":34,"column":4},"end":{"line":34,"column":50}},{"start":{"line":34,"column":4},"end":{"line":34,"column":50}}],"line":34},"2":{"loc":{"start":{"line":45,"column":2},"end":{"line":52,"column":7}},"type":"if","locations":[{"start":{"line":45,"column":2},"end":{"line":52,"column":7}},{"start":{"line":45,"column":2},"end":{"line":52,"column":7}}],"line":45},"3":{"loc":{"start":{"line":60,"column":4},"end":{"line":64,"column":5}},"type":"if","locations":[{"start":{"line":60,"column":4},"end":{"line":64,"column":5}},{"start":{"line":60,"column":4},"end":{"line":64,"column":5}}],"line":60}},"s":{"0":2,"1":2,"2":2,"3":2,"4":2,"5":2,"6":6,"7":6,"8":6,"9":6,"10":6,"11":4,"12":4,"13":2,"14":2,"15":2,"16":3,"17":3,"18":3,"19":3,"20":3,"21":3,"22":3,"23":1,"24":2,"25":1,"26":1,"27":2,"28":6,"29":6,"30":2,"31":4,"32":6,"33":6,"34":2,"35":1,"36":1,"37":1,"38":1,"39":1,"40":0,"41":0,"42":2,"43":0,"44":2},"f":{"0":6,"1":3,"2":6,"3":1,"4":0},"b":{"0":[2,2],"1":[1,2],"2":[2,4],"3":[1,0]},"_coverageSchema":"1a1c01bbd47fc00a2c39e90264f33305004495a9","hash":"9287757e959dbe1040b0225aa6253b7db90f1249"}
,"/home/soraka/ltuc/401/labs/authentication/lib/middlewares/404.js": {"path":"/home/soraka/ltuc/401/labs/authentication/lib/middlewares/404.js","statementMap":{"0":{"start":{"line":2,"column":2},"end":{"line":2,"column":43}},"1":{"start":{"line":3,"column":2},"end":{"line":3,"column":52}},"2":{"start":{"line":6,"column":0},"end":{"line":6,"column":33}}},"fnMap":{"0":{"name":"notFoundHandler","decl":{"start":{"line":1,"column":9},"end":{"line":1,"column":24}},"loc":{"start":{"line":1,"column":41},"end":{"line":4,"column":1}},"line":1}},"branchMap":{},"s":{"0":0,"1":0,"2":2},"f":{"0":0},"b":{},"_coverageSchema":"1a1c01bbd47fc00a2c39e90264f33305004495a9","hash":"2aa037b78442b8e5cadc2cb18669e9f36965ac89"}
,"/home/soraka/ltuc/401/labs/authentication/lib/middlewares/500.js": {"path":"/home/soraka/ltuc/401/labs/authentication/lib/middlewares/500.js","statementMap":{"0":{"start":{"line":2,"column":2},"end":{"line":2,"column":18}},"1":{"start":{"line":3,"column":2},"end":{"line":3,"column":40}},"2":{"start":{"line":4,"column":2},"end":{"line":4,"column":55}},"3":{"start":{"line":7,"column":0},"end":{"line":7,"column":30}}},"fnMap":{"0":{"name":"errorHandler","decl":{"start":{"line":1,"column":9},"end":{"line":1,"column":21}},"loc":{"start":{"line":1,"column":43},"end":{"line":5,"column":1}},"line":1}},"branchMap":{},"s":{"0":3,"1":3,"2":3,"3":2},"f":{"0":3},"b":{},"_coverageSchema":"1a1c01bbd47fc00a2c39e90264f33305004495a9","hash":"7db865ef8adfff6fd3a28a70060c55b264b83296"}
,"/home/soraka/ltuc/401/labs/authentication/lib/middlewares/basic-auth.js": {"path":"/home/soraka/ltuc/401/labs/authentication/lib/middlewares/basic-auth.js","statementMap":{"0":{"start":{"line":1,"column":15},"end":{"line":1,"column":33}},"1":{"start":{"line":2,"column":14},"end":{"line":2,"column":38}},"2":{"start":{"line":3,"column":0},"end":{"line":25,"column":2}},"3":{"start":{"line":4,"column":2},"end":{"line":24,"column":3}},"4":{"start":{"line":5,"column":4},"end":{"line":5,"column":26}},"5":{"start":{"line":8,"column":4},"end":{"line":8,"column":44}},"6":{"start":{"line":9,"column":22},"end":{"line":9,"column":64}},"7":{"start":{"line":10,"column":25},"end":{"line":10,"column":60}},"8":{"start":{"line":11,"column":4},"end":{"line":11,"column":45}},"9":{"start":{"line":12,"column":4},"end":{"line":23,"column":9}},"10":{"start":{"line":15,"column":8},"end":{"line":15,"column":48}},"11":{"start":{"line":16,"column":8},"end":{"line":16,"column":51}},"12":{"start":{"line":17,"column":8},"end":{"line":17,"column":15}},"13":{"start":{"line":20,"column":8},"end":{"line":20,"column":31}},"14":{"start":{"line":21,"column":8},"end":{"line":21,"column":25}},"15":{"start":{"line":22,"column":8},"end":{"line":22,"column":30}}},"fnMap":{"0":{"name":"(anonymous_0)","decl":{"start":{"line":3,"column":17},"end":{"line":3,"column":18}},"loc":{"start":{"line":3,"column":37},"end":{"line":25,"column":1}},"line":3},"1":{"name":"(anonymous_1)","decl":{"start":{"line":14,"column":12},"end":{"line":14,"column":13}},"loc":{"start":{"line":14,"column":25},"end":{"line":18,"column":7}},"line":14},"2":{"name":"(anonymous_2)","decl":{"start":{"line":19,"column":13},"end":{"line":19,"column":14}},"loc":{"start":{"line":19,"column":20},"end":{"line":23,"column":7}},"line":19}},"branchMap":{"0":{"loc":{"start":{"line":4,"column":2},"end":{"line":24,"column":3}},"type":"if","locations":[{"start":{"line":4,"column":2},"end":{"line":24,"column":3}},{"start":{"line":4,"column":2},"end":{"line":24,"column":3}}],"line":4}},"s":{"0":2,"1":2,"2":2,"3":3,"4":0,"5":3,"6":3,"7":3,"8":3,"9":3,"10":2,"11":2,"12":2,"13":1,"14":1,"15":1},"f":{"0":3,"1":2,"2":1},"b":{"0":[0,3]},"_coverageSchema":"1a1c01bbd47fc00a2c39e90264f33305004495a9","hash":"22869b0049fb060d82880e280abf42e1f90de22c"}
,"/home/soraka/ltuc/401/labs/authentication/lib/middlewares/bearerMiddleware.js": {"path":"/home/soraka/ltuc/401/labs/authentication/lib/middlewares/bearerMiddleware.js","statementMap":{"0":{"start":{"line":1,"column":14},"end":{"line":1,"column":38}},"1":{"start":{"line":2,"column":0},"end":{"line":19,"column":2}},"2":{"start":{"line":3,"column":2},"end":{"line":18,"column":3}},"3":{"start":{"line":4,"column":4},"end":{"line":4,"column":26}},"4":{"start":{"line":7,"column":18},"end":{"line":7,"column":60}},"5":{"start":{"line":8,"column":4},"end":{"line":8,"column":36}},"6":{"start":{"line":9,"column":4},"end":{"line":17,"column":9}},"7":{"start":{"line":12,"column":8},"end":{"line":12,"column":29}},"8":{"start":{"line":13,"column":8},"end":{"line":13,"column":15}},"9":{"start":{"line":16,"column":8},"end":{"line":16,"column":30}}},"fnMap":{"0":{"name":"(anonymous_0)","decl":{"start":{"line":2,"column":17},"end":{"line":2,"column":18}},"loc":{"start":{"line":2,"column":37},"end":{"line":19,"column":1}},"line":2},"1":{"name":"(anonymous_1)","decl":{"start":{"line":11,"column":12},"end":{"line":11,"column":13}},"loc":{"start":{"line":11,"column":25},"end":{"line":14,"column":7}},"line":11},"2":{"name":"(anonymous_2)","decl":{"start":{"line":15,"column":13},"end":{"line":15,"column":14}},"loc":{"start":{"line":15,"column":19},"end":{"line":17,"column":7}},"line":15}},"branchMap":{"0":{"loc":{"start":{"line":3,"column":2},"end":{"line":18,"column":3}},"type":"if","locations":[{"start":{"line":3,"column":2},"end":{"line":18,"column":3}},{"start":{"line":3,"column":2},"end":{"line":18,"column":3}}],"line":3}},"s":{"0":2,"1":2,"2":1,"3":0,"4":1,"5":1,"6":1,"7":1,"8":1,"9":0},"f":{"0":1,"1":1,"2":0},"b":{"0":[0,1]},"_coverageSchema":"1a1c01bbd47fc00a2c39e90264f33305004495a9","hash":"ce463005ebe51b2c9f8f1509a7479b8dbcf6c4fc"}
,"/home/soraka/ltuc/401/labs/authentication/lib/models/users.js": {"path":"/home/soraka/ltuc/401/labs/authentication/lib/models/users.js","statementMap":{"0":{"start":{"line":3,"column":17},"end":{"line":3,"column":36}},"1":{"start":{"line":5,"column":13},"end":{"line":8,"column":2}},"2":{"start":{"line":10,"column":0},"end":{"line":10,"column":46}}},"fnMap":{},"branchMap":{},"s":{"0":2,"1":2,"2":2},"f":{},"b":{},"_coverageSchema":"1a1c01bbd47fc00a2c39e90264f33305004495a9","hash":"8342c28dee0eaf25d2fccb9ee0a638f261d45bca"}
,"/home/soraka/ltuc/401/labs/authentication/lib/routes/extra-routes.js": {"path":"/home/soraka/ltuc/401/labs/authentication/lib/routes/extra-routes.js","statementMap":{"0":{"start":{"line":1,"column":16},"end":{"line":1,"column":34}},"1":{"start":{"line":2,"column":15},"end":{"line":2,"column":31}},"2":{"start":{"line":3,"column":25},"end":{"line":3,"column":67}},"3":{"start":{"line":5,"column":0},"end":{"line":7,"column":3}},"4":{"start":{"line":6,"column":2},"end":{"line":6,"column":21}},"5":{"start":{"line":9,"column":0},"end":{"line":9,"column":24}}},"fnMap":{"0":{"name":"(anonymous_0)","decl":{"start":{"line":5,"column":34},"end":{"line":5,"column":35}},"loc":{"start":{"line":5,"column":48},"end":{"line":7,"column":1}},"line":5}},"branchMap":{},"s":{"0":2,"1":2,"2":2,"3":2,"4":1,"5":2},"f":{"0":1},"b":{},"_coverageSchema":"1a1c01bbd47fc00a2c39e90264f33305004495a9","hash":"568e8cba0039315d9223aad03c1daefd5ba938f5"}
}
