TN:
SF:lib/server.js
FN:15,(anonymous_0)
FN:17,(anonymous_1)
FN:31,(anonymous_2)
FN:36,(anonymous_3)
FN:40,(anonymous_4)
FN:46,(anonymous_5)
FN:56,(anonymous_6)
FN:57,(anonymous_7)
FNF:8
FNH:3
FNDA:6,(anonymous_0)
FNDA:4,(anonymous_1)
FNDA:2,(anonymous_2)
FNDA:0,(anonymous_3)
FNDA:0,(anonymous_4)
FNDA:0,(anonymous_5)
FNDA:0,(anonymous_6)
FNDA:0,(anonymous_7)
DA:1,2
DA:2,2
DA:3,2
DA:4,2
DA:5,2
DA:6,2
DA:7,2
DA:8,2
DA:10,2
DA:11,2
DA:12,2
DA:13,2
DA:15,2
DA:16,6
DA:17,6
DA:18,4
DA:19,4
DA:20,4
DA:21,4
DA:24,2
DA:26,2
DA:27,2
DA:31,2
DA:33,2
DA:36,2
DA:37,0
DA:40,2
DA:41,0
DA:42,0
DA:46,2
DA:47,0
DA:50,2
DA:52,2
DA:54,2
DA:57,0
DA:58,0
DA:59,0
LF:37
LH:30
BRDA:58,0,0,0
BRDA:58,0,1,0
BRDA:58,0,2,0
BRF:3
BRH:0
end_of_record
TN:
SF:lib/auth/oauth.js
FN:14,(anonymous_0)
FN:33,exchangeCodeForToken
FN:47,getRemoteUserInfo
FN:56,getUser
FNF:4
FNH:0
FNDA:0,(anonymous_0)
FNDA:0,exchangeCodeForToken
FNDA:0,getRemoteUserInfo
FNDA:0,getUser
DA:1,2
DA:2,2
DA:3,2
DA:4,2
DA:6,2
DA:8,2
DA:10,2
DA:11,2
DA:12,2
DA:14,2
DA:15,0
DA:16,0
DA:17,0
DA:18,0
DA:19,0
DA:20,0
DA:21,0
DA:22,0
DA:23,0
DA:24,0
DA:25,0
DA:26,0
DA:28,0
DA:34,0
DA:35,0
DA:36,0
DA:37,0
DA:44,0
DA:48,0
DA:53,0
DA:57,0
DA:61,0
DA:63,0
DA:65,0
DA:66,0
LF:35
LH:10
BRDA:63,0,0,0
BRDA:63,0,1,0
BRF:2
BRH:0
end_of_record
TN:
SF:lib/auth/users.js
FN:10,(anonymous_0)
FN:26,(anonymous_1)
FN:42,(anonymous_2)
FN:56,(anonymous_3)
FN:69,(anonymous_4)
FNF:5
FNH:4
FNDA:6,(anonymous_0)
FNDA:3,(anonymous_1)
FNDA:6,(anonymous_2)
FNDA:1,(anonymous_3)
FNDA:0,(anonymous_4)
DA:3,2
DA:4,2
DA:5,2
DA:6,2
DA:8,2
DA:10,2
DA:11,6
DA:12,6
DA:13,6
DA:15,6
DA:16,6
DA:17,4
DA:18,4
DA:20,2
DA:22,2
DA:26,2
DA:27,3
DA:28,3
DA:29,3
DA:30,3
DA:31,3
DA:33,3
DA:34,3
DA:35,2
DA:37,1
DA:38,1
DA:42,2
DA:43,6
DA:45,6
DA:46,2
DA:50,4
DA:53,6
DA:54,6
DA:56,2
DA:57,1
DA:58,1
DA:59,1
DA:60,1
DA:61,1
DA:63,0
DA:66,0
DA:69,2
DA:70,0
DA:73,2
LF:44
LH:41
BRDA:6,0,0,2
BRDA:6,0,1,2
BRDA:34,1,0,1
BRDA:34,1,1,2
BRDA:45,2,0,2
BRDA:45,2,1,4
BRDA:60,3,0,1
BRDA:60,3,1,0
BRF:8
BRH:7
end_of_record
TN:
SF:lib/middlewares/404.js
FN:1,notFoundHandler
FNF:1
FNH:0
FNDA:0,notFoundHandler
DA:2,0
DA:3,0
DA:6,2
LF:3
LH:1
BRF:0
BRH:0
end_of_record
TN:
SF:lib/middlewares/500.js
FN:1,errorHandler
FNF:1
FNH:1
FNDA:3,errorHandler
DA:2,3
DA:3,3
DA:4,3
DA:7,2
LF:4
LH:4
BRF:0
BRH:0
end_of_record
TN:
SF:lib/middlewares/basic-auth.js
FN:3,(anonymous_0)
FN:14,(anonymous_1)
FN:19,(anonymous_2)
FNF:3
FNH:3
FNDA:3,(anonymous_0)
FNDA:2,(anonymous_1)
FNDA:1,(anonymous_2)
DA:1,2
DA:2,2
DA:3,2
DA:4,3
DA:5,0
DA:8,3
DA:9,3
DA:10,3
DA:11,3
DA:12,3
DA:15,2
DA:16,2
DA:17,2
DA:20,1
DA:21,1
DA:22,1
LF:16
LH:15
BRDA:4,0,0,0
BRDA:4,0,1,3
BRF:2
BRH:1
end_of_record
TN:
SF:lib/middlewares/bearerMiddleware.js
FN:2,(anonymous_0)
FN:11,(anonymous_1)
FN:15,(anonymous_2)
FNF:3
FNH:2
FNDA:1,(anonymous_0)
FNDA:1,(anonymous_1)
FNDA:0,(anonymous_2)
DA:1,2
DA:2,2
DA:3,1
DA:4,0
DA:7,1
DA:8,1
DA:9,1
DA:12,1
DA:13,1
DA:16,0
LF:10
LH:8
BRDA:3,0,0,0
BRDA:3,0,1,1
BRF:2
BRH:1
end_of_record
TN:
SF:lib/models/users.js
FNF:0
FNH:0
DA:3,2
DA:5,2
DA:10,2
LF:3
LH:3
BRF:0
BRH:0
end_of_record
TN:
SF:lib/routes/extra-routes.js
FN:5,(anonymous_0)
FNF:1
FNH:1
FNDA:1,(anonymous_0)
DA:1,2
DA:2,2
DA:3,2
DA:5,2
DA:6,1
DA:9,2
LF:6
LH:6
BRF:0
BRH:0
end_of_record
