TN:
SF:lib/server.js
FN:15,(anonymous_0)
FN:17,(anonymous_1)
FN:31,(anonymous_2)
FN:36,(anonymous_3)
FN:40,(anonymous_4)
FN:46,(anonymous_5)
FN:57,(anonymous_6)
FN:58,(anonymous_7)
FNF:8
FNH:3
FNDA:10,(anonymous_0)
FNDA:8,(anonymous_1)
FNDA:6,(anonymous_2)
FNDA:0,(anonymous_3)
FNDA:0,(anonymous_4)
FNDA:0,(anonymous_5)
FNDA:0,(anonymous_6)
FNDA:0,(anonymous_7)
DA:1,3
DA:2,3
DA:3,3
DA:4,3
DA:5,3
DA:6,3
DA:7,3
DA:8,3
DA:10,3
DA:11,3
DA:12,3
DA:13,3
DA:15,3
DA:16,10
DA:17,10
DA:18,8
DA:19,8
DA:20,8
DA:21,8
DA:24,2
DA:26,2
DA:27,2
DA:31,3
DA:33,6
DA:36,3
DA:37,0
DA:40,3
DA:41,0
DA:42,0
DA:46,3
DA:47,0
DA:50,3
DA:52,3
DA:54,3
DA:55,3
DA:58,0
DA:59,0
LF:37
LH:31
BRDA:54,0,0,3
BRDA:54,0,1,3
BRF:2
BRH:2
end_of_record
TN:
SF:lib/auth/oauth.js
FN:14,(anonymous_0)
FN:33,exchangeCodeForToken
FN:47,getRemoteUserInfo
FN:56,getUser
FNF:4
FNH:0
FNDA:0,(anonymous_0)
FNDA:0,exchangeCodeForToken
FNDA:0,getRemoteUserInfo
FNDA:0,getUser
DA:1,3
DA:2,3
DA:3,3
DA:4,3
DA:6,3
DA:8,3
DA:10,3
DA:11,3
DA:12,3
DA:14,3
DA:15,0
DA:16,0
DA:17,0
DA:18,0
DA:19,0
DA:20,0
DA:21,0
DA:22,0
DA:23,0
DA:24,0
DA:25,0
DA:26,0
DA:28,0
DA:34,0
DA:35,0
DA:36,0
DA:37,0
DA:44,0
DA:48,0
DA:53,0
DA:57,0
DA:61,0
DA:63,0
DA:65,0
DA:66,0
LF:35
LH:10
BRDA:63,0,0,0
BRDA:63,0,1,0
BRF:2
BRH:0
end_of_record
TN:
SF:lib/auth/users.js
FN:10,(anonymous_0)
FN:26,(anonymous_1)
FN:42,(anonymous_2)
FN:55,(anonymous_3)
FN:68,(anonymous_4)
FNF:5
FNH:4
FNDA:10,(anonymous_0)
FNDA:7,(anonymous_1)
FNDA:14,(anonymous_2)
FNDA:11,(anonymous_3)
FNDA:0,(anonymous_4)
DA:3,3
DA:4,3
DA:5,3
DA:6,3
DA:8,3
DA:10,3
DA:11,10
DA:12,10
DA:13,10
DA:15,10
DA:16,10
DA:17,8
DA:18,8
DA:20,2
DA:22,2
DA:26,3
DA:27,7
DA:28,7
DA:29,7
DA:30,7
DA:31,7
DA:33,7
DA:34,7
DA:35,6
DA:37,1
DA:38,1
DA:42,3
DA:44,14
DA:46,14
DA:47,14
DA:48,14
DA:49,14
DA:52,14
DA:53,14
DA:55,3
DA:56,11
DA:57,11
DA:58,11
DA:59,11
DA:60,11
DA:62,0
DA:65,0
DA:68,3
DA:69,0
DA:72,3
LF:45
LH:42
BRDA:6,0,0,3
BRDA:6,0,1,3
BRDA:34,1,0,1
BRDA:34,1,1,6
BRDA:44,2,0,6
BRDA:44,2,1,8
BRDA:59,3,0,11
BRDA:59,3,1,0
BRF:8
BRH:7
end_of_record
TN:
SF:lib/middlewares/404.js
FN:1,notFoundHandler
FNF:1
FNH:0
FNDA:0,notFoundHandler
DA:2,0
DA:3,0
DA:6,3
LF:3
LH:1
BRF:0
BRH:0
end_of_record
TN:
SF:lib/middlewares/500.js
FN:1,errorHandler
FNF:1
FNH:1
FNDA:3,errorHandler
DA:2,3
DA:3,3
DA:4,3
DA:7,3
LF:4
LH:4
BRF:0
BRH:0
end_of_record
TN:
SF:lib/middlewares/authorize.js
FN:1,(anonymous_0)
FN:4,(anonymous_1)
FNF:2
FNH:2
FNDA:12,(anonymous_0)
FNDA:10,(anonymous_1)
DA:1,3
DA:4,12
DA:7,10
DA:8,10
DA:9,10
DA:10,10
DA:12,0
DA:15,0
LF:8
LH:6
BRDA:8,0,0,10
BRDA:8,0,1,0
BRF:2
BRH:1
end_of_record
TN:
SF:lib/middlewares/basic-auth.js
FN:3,(anonymous_0)
FN:14,(anonymous_1)
FN:19,(anonymous_2)
FNF:3
FNH:3
FNDA:7,(anonymous_0)
FNDA:6,(anonymous_1)
FNDA:1,(anonymous_2)
DA:1,3
DA:2,3
DA:3,3
DA:4,7
DA:5,0
DA:8,7
DA:9,7
DA:10,7
DA:11,7
DA:12,7
DA:15,6
DA:16,6
DA:17,6
DA:20,1
DA:21,1
DA:22,1
LF:16
LH:15
BRDA:4,0,0,0
BRDA:4,0,1,7
BRF:2
BRH:1
end_of_record
TN:
SF:lib/middlewares/bearerMiddleware.js
FN:2,(anonymous_0)
FN:11,(anonymous_1)
FN:15,(anonymous_2)
FNF:3
FNH:2
FNDA:11,(anonymous_0)
FNDA:11,(anonymous_1)
FNDA:0,(anonymous_2)
DA:1,3
DA:2,3
DA:3,11
DA:4,0
DA:7,11
DA:8,11
DA:9,11
DA:12,11
DA:13,11
DA:16,0
LF:10
LH:8
BRDA:3,0,0,0
BRDA:3,0,1,11
BRF:2
BRH:1
end_of_record
TN:
SF:lib/models/users.js
FNF:0
FNH:0
DA:3,3
DA:5,3
DA:20,3
LF:3
LH:3
BRF:0
BRH:0
end_of_record
TN:
SF:lib/routes/extra-routes.js
FN:6,(anonymous_0)
FN:10,(anonymous_1)
FN:17,response
FNF:3
FNH:3
FNDA:1,(anonymous_0)
FNDA:3,(anonymous_1)
FNDA:7,response
DA:1,3
DA:2,3
DA:3,3
DA:4,3
DA:6,3
DA:7,1
DA:9,3
DA:10,3
DA:11,3
DA:13,3
DA:14,3
DA:16,3
DA:18,7
DA:19,7
LF:14
LH:14
BRF:0
BRH:0
end_of_record
